<?xml version="1.0" encoding="UTF-8"?>
<!-- Generated by org.testng.reporters.JUnitReportReporter -->
<testsuite hostname="DESKTOP-J0AGKIC" failures="0" tests="1" name="Jenkins.Jenkins.AppTest" time="4.910" errors="0" timestamp="2022-08-21T23:55:37 IST" skipped="0">
  <testcase classname="Jenkins.Jenkins.AppTest" name="Testing" time="4.910"/>
  <system-out/>
</testsuite> <!-- Jenkins.Jenkins.AppTest -->
