<?xml version="1.0" encoding="UTF-8"?>
<!-- Generated by org.testng.reporters.JUnitReportReporter -->
<testsuite hostname="DESKTOP-J0AGKIC" failures="0" tests="1" name="Jenkins.Jenkins.AppTest" time="5.612" errors="0" timestamp="22 Aug 2022 08:09:43 GMT" skipped="0">
  <testcase classname="Jenkins.Jenkins.AppTest" name="Testing" time="5.612"/>
</testsuite> <!-- Jenkins.Jenkins.AppTest -->
